Сборка начата 24.09.2021 20:15:17.
Уровень детализации журнала: Normal.     1>Проект "D:\ФИТ\3к\ОСиСП\OSandSP\Lab_3\OS03_03\OS03_03.vcxproj" в узле 2 (целевые объекты Build).
     1>InitializeBuildStatus:
         Создание "Debug\OS03_03.tlog\unsuccessfulbuild", так как было задано "AlwaysCreate".
       ClCompile:
         D:\Visual studio\VC\Tools\MSVC\14.28.29333\bin\HostX86\x86\CL.exe /c /ZI /JMC /nologo /W3 /WX- /diagnostics:column /sdl /Od /Oy- /D WIN32 /D _DEBUG /D _CONSOLE /D _UNICODE /D UNICODE /Gm- /EHsc /RTC1 /MDd /GS /fp:precise /permissive- /Zc:wchar_t /Zc:forScope /Zc:inline /Fo"Debug\\" /Fd"Debug\vc142.pdb" /Gd /TP /analyze- /FC /errorReport:prompt OS03_03.cpp
         OS03_03.cpp
     1>D:\ФИТ\3к\ОСиСП\OSandSP\Lab_3\OS03_03\OS03_03.cpp(7,11): warning C4244: инициализация: преобразование "DWORD" в "WORD", возможна потеря данных
       Link:
         D:\Visual studio\VC\Tools\MSVC\14.28.29333\bin\HostX86\x86\link.exe /ERRORREPORT:PROMPT /OUT:"D:\ФИТ\3к\ОСиСП\OSandSP\Lab_3\OS03_03\Debug\OS03_03.exe" /INCREMENTAL /NOLOGO kernel32.lib user32.lib gdi32.lib winspool.lib comdlg32.lib advapi32.lib shell32.lib ole32.lib oleaut32.lib uuid.lib odbc32.lib odbccp32.lib /MANIFEST /MANIFESTUAC:"level='asInvoker' uiAccess='false'" /manifest:embed /DEBUG:FASTLINK /PDB:"D:\ФИТ\3к\ОСиСП\OSandSP\Lab_3\OS03_03\Debug\OS03_03.pdb" /SUBSYSTEM:CONSOLE /TLBID:1 /DYNAMICBASE /NXCOMPAT /IMPLIB:"D:\ФИТ\3к\ОСиСП\OSandSP\Lab_3\OS03_03\Debug\OS03_03.lib" /MACHINE:X86 Debug\OS03_03.obj
         OS03_03.vcxproj -> D:\ФИТ\3к\ОСиСП\OSandSP\Lab_3\OS03_03\Debug\OS03_03.exe
       FinalizeBuildStatus:
         Файл "Debug\OS03_03.tlog\unsuccessfulbuild" удаляется.
         Обращение к "Debug\OS03_03.tlog\OS03_03.lastbuildstate".
     1>Сборка проекта "D:\ФИТ\3к\ОСиСП\OSandSP\Lab_3\OS03_03\OS03_03.vcxproj" завершена (целевые объекты Build).

Сборка успешно завершена.

       "D:\ФИТ\3к\ОСиСП\OSandSP\Lab_3\OS03_03\OS03_03.vcxproj" (целевой объект Build ) (1) ->
       (Целевой объект ClCompile) -> 
         D:\ФИТ\3к\ОСиСП\OSandSP\Lab_3\OS03_03\OS03_03.cpp(7,11): warning C4244: инициализация: преобразование "DWORD" в "WORD", возможна потеря данных

    Предупреждений: 1
    Ошибок: 0

Прошло времени 00:00:01.80
