Сборка начата 24.09.2021 18:07:43.
Уровень детализации журнала: Normal.     1>Проект "D:\ФИТ\3к\ОСиСП\OSandSP\Lab_3\OS03_02\OS03_02_01\OS03_02_01.vcxproj" в узле 3 (целевые объекты Build).
     1>PrepareForBuild:
         Создание каталога "Debug\OS03_02_01.tlog\".
       InitializeBuildStatus:
         Создание "Debug\OS03_02_01.tlog\unsuccessfulbuild", так как было задано "AlwaysCreate".
       ClCompile:
         D:\Visual studio\VC\Tools\MSVC\14.28.29333\bin\HostX86\x86\CL.exe /c /ZI /JMC /nologo /W3 /WX- /diagnostics:column /sdl /Od /Oy- /D WIN32 /D _DEBUG /D _CONSOLE /D _UNICODE /D UNICODE /Gm- /EHsc /RTC1 /MDd /GS /fp:precise /permissive- /Zc:wchar_t /Zc:forScope /Zc:inline /Fo"Debug\\" /Fd"Debug\vc142.pdb" /Gd /TP /analyze- /FC /errorReport:prompt OS03_02_01.cpp
         OS03_02_01.cpp
       Link:
         D:\Visual studio\VC\Tools\MSVC\14.28.29333\bin\HostX86\x86\link.exe /ERRORREPORT:PROMPT /OUT:"D:\ФИТ\3к\ОСиСП\OSandSP\Lab_3\OS03_02\Debug\OS03_02_01.exe" /INCREMENTAL /NOLOGO kernel32.lib user32.lib gdi32.lib winspool.lib comdlg32.lib advapi32.lib shell32.lib ole32.lib oleaut32.lib uuid.lib odbc32.lib odbccp32.lib /MANIFEST /MANIFESTUAC:"level='asInvoker' uiAccess='false'" /manifest:embed /DEBUG:FASTLINK /PDB:"D:\ФИТ\3к\ОСиСП\OSandSP\Lab_3\OS03_02\Debug\OS03_02_01.pdb" /SUBSYSTEM:CONSOLE /TLBID:1 /DYNAMICBASE /NXCOMPAT /IMPLIB:"D:\ФИТ\3к\ОСиСП\OSandSP\Lab_3\OS03_02\Debug\OS03_02_01.lib" /MACHINE:X86 Debug\OS03_02_01.obj
         OS03_02_01.vcxproj -> D:\ФИТ\3к\ОСиСП\OSandSP\Lab_3\OS03_02\Debug\OS03_02_01.exe
       FinalizeBuildStatus:
         Файл "Debug\OS03_02_01.tlog\unsuccessfulbuild" удаляется.
         Обращение к "Debug\OS03_02_01.tlog\OS03_02_01.lastbuildstate".
     1>Сборка проекта "D:\ФИТ\3к\ОСиСП\OSandSP\Lab_3\OS03_02\OS03_02_01\OS03_02_01.vcxproj" завершена (целевые объекты Build).

Сборка успешно завершена.
    Предупреждений: 0
    Ошибок: 0

Прошло времени 00:00:02.81
